[14:44:37] [main/INFO] (FabricLoader/GameProvider) Loading Minecraft 1.19.4 with Fabric Loader 0.14.19
[14:44:37] [main/INFO] (FabricLoader) Loading 45 mods:
	- architectury 8.1.75
	- config2brigadier 1.2.3
	- disguiselib 1.3.3
	- fabric-api 0.76.0+1.19.4
	- fabric-api-base 0.4.23+9ff28bcef4
	- fabric-api-lookup-api-v1 1.6.24+49abcf7ef4
	- fabric-biome-api-v1 13.0.6+348a9c64f4
	- fabric-block-api-v1 1.0.5+e022e5d1f4
	- fabric-command-api-v2 2.2.4+ae0966baf4
	- fabric-content-registries-v0 3.5.7+ae0966baf4
	- fabric-convention-tags-v1 1.4.0+9a7c5daaf4
	- fabric-crash-report-info-v1 0.2.14+aeb40ebef4
	- fabric-data-generation-api-v1 11.3.5+5da15ca1f4
	- fabric-dimensions-v1 2.1.44+7f87f8faf4
	- fabric-entity-events-v1 1.5.12+e45f7c65f4
	- fabric-events-interaction-v0 0.4.42+a1ccd7bff4
	- fabric-game-rule-api-v1 1.0.32+a1ccd7bff4
	- fabric-gametest-api-v1 1.2.2+ae0966baf4
	- fabric-item-api-v1 2.1.16+09a3510cf4
	- fabric-item-group-api-v1 3.0.3+043f9acff4
	- fabric-lifecycle-events-v1 2.2.14+5da15ca1f4
	- fabric-loot-api-v2 1.1.25+75e98211f4
	- fabric-message-api-v1 5.1.0+1ee8be40f4
	- fabric-mining-level-api-v1 2.1.37+49abcf7ef4
	- fabric-networking-api-v1 1.2.22+ca5f59aaf4
	- fabric-object-builder-api-v1 7.0.1+63b515f4f4
	- fabric-particles-v1 1.0.22+f1e4495bf4
	- fabric-permissions-api-v0 0.1-SNAPSHOT
	- fabric-recipe-api-v1 1.0.6+a1ccd7bff4
	- fabric-registry-sync-v0 2.1.2+a383ab97f4
	- fabric-rendering-data-attachment-v1 0.3.27+afca2f3ef4
	- fabric-rendering-fluids-v1 3.0.20+f1e4495bf4
	- fabric-resource-conditions-api-v1 2.3.0+e6c7d4eef4
	- fabric-resource-loader-v0 0.11.0+938a1d56f4
	- fabric-screen-handler-api-v1 1.3.18+5da15ca1f4
	- fabric-transfer-api-v1 3.0.1+9003cbe9f4
	- fabric-transitive-access-wideners-v1 3.0.2+63b515f4f4
	- fabricloader 0.14.19
	- java 17
	- minecraft 1.19.4
	- packet_tweaker 0.3.1+23w06a
	- polymer-registry-sync-manipulator 0.4.0+1.19.4
	- server_translations_api 2.0.0-beta.2+1.19.4-pre2
	- sgui 1.2.0+1.19.3
	- taterzens 1.11.4
[14:44:41] [main/INFO] (FabricLoader/Mixin) SpongePowered MIXIN Subsystem Version=0.8.5 Source=file:/C:/Users/15099/.gradle/caches/modules-2/files-2.1/net.fabricmc/sponge-mixin/0.12.4+mixin.0.8.5/e13b4069fe3555969811d4474f78576c707bbe1c/sponge-mixin-0.12.4+mixin.0.8.5.jar Service=Knot/Fabric Env=SERVER
[14:44:41] [main/INFO] (FabricLoader/Mixin) Loaded Fabric development mappings for mixin remapper!
[14:44:41] [main/INFO] (FabricLoader/Mixin) Compatibility level set to JAVA_16
[14:44:41] [main/INFO] (FabricLoader/Mixin) Compatibility level set to JAVA_17
[14:44:42] [main/WARN] (FabricLoader/Mixin) Error loading class: net/minecraft/server/level/ChunkMap$TrackedEntity (java.lang.ClassNotFoundException: net/minecraft/server/level/ChunkMap$TrackedEntity)
[14:44:42] [main/WARN] (FabricLoader/Mixin) @Mixin target net.minecraft.server.level.ChunkMap$TrackedEntity was not found taterzens.common.mixins.json:accessors.AEntityTrackerEntry from mod taterzens
[14:44:43] [main/WARN] (PerfmonDisabled) Invalid registry value type detected for PerfOS counters. Should be REG_DWORD. Ignoring: HKEY_LOCAL_MACHINE\SYSTEM\CurrentControlSet\Services\PerfOS\Performance\Disable Performance Counters.
[14:44:44] [main/ERROR] (FabricLoader/Mixin) Mixin apply for mod taterzens failed taterzens.common.mixins.json:accessors.AEntity from mod taterzens -> net.minecraft.entity.Entity: org.spongepowered.asm.mixin.gen.throwables.InvalidAccessorException No candidates were found matching DATA_SHARED_FLAGS_ID:Lnet/minecraft/entity/data/TrackedData; in net/minecraft/entity/Entity for taterzens.common.mixins.json:accessors.AEntity from mod taterzens->@Accessor[FIELD_GETTER]::getFLAGS()Lnet/minecraft/entity/data/TrackedData; [INJECT Applicator Phase -> taterzens.common.mixins.json:accessors.AEntity from mod taterzens -> Apply Accessors ->  -> Locate -> taterzens.common.mixins.json:accessors.AEntity from mod taterzens->@Accessor[FIELD_GETTER]::getFLAGS()Lnet/minecraft/entity/data/TrackedData;]
org.spongepowered.asm.mixin.gen.throwables.InvalidAccessorException: No candidates were found matching DATA_SHARED_FLAGS_ID:Lnet/minecraft/entity/data/TrackedData; in net/minecraft/entity/Entity for taterzens.common.mixins.json:accessors.AEntity from mod taterzens->@Accessor[FIELD_GETTER]::getFLAGS()Lnet/minecraft/entity/data/TrackedData; [INJECT Applicator Phase -> taterzens.common.mixins.json:accessors.AEntity from mod taterzens -> Apply Accessors ->  -> Locate -> taterzens.common.mixins.json:accessors.AEntity from mod taterzens->@Accessor[FIELD_GETTER]::getFLAGS()Lnet/minecraft/entity/data/TrackedData;]
	at org.spongepowered.asm.mixin.gen.AccessorInfo.findTarget(AccessorInfo.java:519) ~[sponge-mixin-0.12.4+mixin.0.8.5.jar:0.12.4+mixin.0.8.5]
	at org.spongepowered.asm.mixin.gen.AccessorInfo.findTargetField(AccessorInfo.java:502) ~[sponge-mixin-0.12.4+mixin.0.8.5.jar:0.12.4+mixin.0.8.5]
	at org.spongepowered.asm.mixin.gen.AccessorInfo.locate(AccessorInfo.java:476) ~[sponge-mixin-0.12.4+mixin.0.8.5.jar:0.12.4+mixin.0.8.5]
	at org.spongepowered.asm.mixin.transformer.MixinTargetContext.generateAccessors(MixinTargetContext.java:1412) ~[sponge-mixin-0.12.4+mixin.0.8.5.jar:0.12.4+mixin.0.8.5]
	at org.spongepowered.asm.mixin.transformer.MixinApplicatorStandard.applyAccessors(MixinApplicatorStandard.java:1071) ~[sponge-mixin-0.12.4+mixin.0.8.5.jar:0.12.4+mixin.0.8.5]
	at org.spongepowered.asm.mixin.transformer.MixinApplicatorStandard.applyMixin(MixinApplicatorStandard.java:400) ~[sponge-mixin-0.12.4+mixin.0.8.5.jar:0.12.4+mixin.0.8.5]
	at org.spongepowered.asm.mixin.transformer.MixinApplicatorStandard.apply(MixinApplicatorStandard.java:327) ~[sponge-mixin-0.12.4+mixin.0.8.5.jar:0.12.4+mixin.0.8.5]
	at org.spongepowered.asm.mixin.transformer.TargetClassContext.apply(TargetClassContext.java:421) ~[sponge-mixin-0.12.4+mixin.0.8.5.jar:0.12.4+mixin.0.8.5]
	at org.spongepowered.asm.mixin.transformer.TargetClassContext.applyMixins(TargetClassContext.java:403) ~[sponge-mixin-0.12.4+mixin.0.8.5.jar:0.12.4+mixin.0.8.5]
	at org.spongepowered.asm.mixin.transformer.MixinProcessor.applyMixins(MixinProcessor.java:363) ~[sponge-mixin-0.12.4+mixin.0.8.5.jar:0.12.4+mixin.0.8.5]
	at org.spongepowered.asm.mixin.transformer.MixinTransformer.transformClass(MixinTransformer.java:234) ~[sponge-mixin-0.12.4+mixin.0.8.5.jar:0.12.4+mixin.0.8.5]
	at org.spongepowered.asm.mixin.transformer.MixinTransformer.transformClassBytes(MixinTransformer.java:202) ~[sponge-mixin-0.12.4+mixin.0.8.5.jar:0.12.4+mixin.0.8.5]
	at net.fabricmc.loader.impl.launch.knot.KnotClassDelegate.getPostMixinClassByteArray(KnotClassDelegate.java:422) ~[fabric-loader-0.14.19.jar:?]
	at net.fabricmc.loader.impl.launch.knot.KnotClassDelegate.tryLoadClass(KnotClassDelegate.java:323) ~[fabric-loader-0.14.19.jar:?]
	at net.fabricmc.loader.impl.launch.knot.KnotClassDelegate.loadClass(KnotClassDelegate.java:218) ~[fabric-loader-0.14.19.jar:?]
	at net.fabricmc.loader.impl.launch.knot.KnotClassLoader.loadClass(KnotClassLoader.java:112) ~[fabric-loader-0.14.19.jar:?]
	at java.lang.ClassLoader.loadClass(ClassLoader.java:520) ~[?:?]
	at net.minecraft.Bootstrap.initialize(Bootstrap.java:46) ~[minecraft-project-@-merged-named.jar:?]
	at net.minecraft.server.Main.main(Main.java:109) ~[minecraft-project-@-merged-named.jar:?]
	at net.fabricmc.loader.impl.game.minecraft.MinecraftGameProvider.launch(MinecraftGameProvider.java:462) ~[fabric-loader-0.14.19.jar:?]
	at net.fabricmc.loader.impl.launch.knot.Knot.launch(Knot.java:74) ~[fabric-loader-0.14.19.jar:?]
	at net.fabricmc.loader.impl.launch.knot.KnotServer.main(KnotServer.java:23) ~[fabric-loader-0.14.19.jar:?]
	at net.fabricmc.devlaunchinjector.Main.main(Main.java:86) ~[dev-launch-injector-0.2.1+build.8.jar:?]
[14:44:44] [main/ERROR] (Minecraft) Failed to start the minecraft server
java.lang.RuntimeException: Mixin transformation of net.minecraft.entity.Entity failed
	at net.fabricmc.loader.impl.launch.knot.KnotClassDelegate.getPostMixinClassByteArray(KnotClassDelegate.java:427) ~[fabric-loader-0.14.19.jar:?]
	at net.fabricmc.loader.impl.launch.knot.KnotClassDelegate.tryLoadClass(KnotClassDelegate.java:323) ~[fabric-loader-0.14.19.jar:?]
	at net.fabricmc.loader.impl.launch.knot.KnotClassDelegate.loadClass(KnotClassDelegate.java:218) ~[fabric-loader-0.14.19.jar:?]
	at net.fabricmc.loader.impl.launch.knot.KnotClassLoader.loadClass(KnotClassLoader.java:112) ~[fabric-loader-0.14.19.jar:?]
	at java.lang.ClassLoader.loadClass(ClassLoader.java:520) ~[?:?]
	at net.minecraft.Bootstrap.initialize(Bootstrap.java:46) ~[minecraft-project-@-merged-named.jar:?]
	at net.minecraft.server.Main.main(Main.java:109) ~[minecraft-project-@-merged-named.jar:?]
	at net.fabricmc.loader.impl.game.minecraft.MinecraftGameProvider.launch(MinecraftGameProvider.java:462) ~[fabric-loader-0.14.19.jar:?]
	at net.fabricmc.loader.impl.launch.knot.Knot.launch(Knot.java:74) ~[fabric-loader-0.14.19.jar:?]
	at net.fabricmc.loader.impl.launch.knot.KnotServer.main(KnotServer.java:23) ~[fabric-loader-0.14.19.jar:?]
	at net.fabricmc.devlaunchinjector.Main.main(Main.java:86) ~[dev-launch-injector-0.2.1+build.8.jar:?]
Caused by: org.spongepowered.asm.mixin.transformer.throwables.MixinTransformerError: An unexpected critical error was encountered
	at org.spongepowered.asm.mixin.transformer.MixinProcessor.applyMixins(MixinProcessor.java:392) ~[sponge-mixin-0.12.4+mixin.0.8.5.jar:0.12.4+mixin.0.8.5]
	at org.spongepowered.asm.mixin.transformer.MixinTransformer.transformClass(MixinTransformer.java:234) ~[sponge-mixin-0.12.4+mixin.0.8.5.jar:0.12.4+mixin.0.8.5]
	at org.spongepowered.asm.mixin.transformer.MixinTransformer.transformClassBytes(MixinTransformer.java:202) ~[sponge-mixin-0.12.4+mixin.0.8.5.jar:0.12.4+mixin.0.8.5]
	at net.fabricmc.loader.impl.launch.knot.KnotClassDelegate.getPostMixinClassByteArray(KnotClassDelegate.java:422) ~[fabric-loader-0.14.19.jar:?]
	... 10 more
Caused by: org.spongepowered.asm.mixin.throwables.MixinApplyError: Mixin [taterzens.common.mixins.json:accessors.AEntity from mod taterzens] from phase [DEFAULT] in config [taterzens.common.mixins.json] FAILED during APPLY
	at org.spongepowered.asm.mixin.transformer.MixinProcessor.handleMixinError(MixinProcessor.java:638) ~[sponge-mixin-0.12.4+mixin.0.8.5.jar:0.12.4+mixin.0.8.5]
	at org.spongepowered.asm.mixin.transformer.MixinProcessor.handleMixinApplyError(MixinProcessor.java:589) ~[sponge-mixin-0.12.4+mixin.0.8.5.jar:0.12.4+mixin.0.8.5]
	at org.spongepowered.asm.mixin.transformer.MixinProcessor.applyMixins(MixinProcessor.java:379) ~[sponge-mixin-0.12.4+mixin.0.8.5.jar:0.12.4+mixin.0.8.5]
	at org.spongepowered.asm.mixin.transformer.MixinTransformer.transformClass(MixinTransformer.java:234) ~[sponge-mixin-0.12.4+mixin.0.8.5.jar:0.12.4+mixin.0.8.5]
	at org.spongepowered.asm.mixin.transformer.MixinTransformer.transformClassBytes(MixinTransformer.java:202) ~[sponge-mixin-0.12.4+mixin.0.8.5.jar:0.12.4+mixin.0.8.5]
	at net.fabricmc.loader.impl.launch.knot.KnotClassDelegate.getPostMixinClassByteArray(KnotClassDelegate.java:422) ~[fabric-loader-0.14.19.jar:?]
	... 10 more
Caused by: org.spongepowered.asm.mixin.gen.throwables.InvalidAccessorException: No candidates were found matching DATA_SHARED_FLAGS_ID:Lnet/minecraft/entity/data/TrackedData; in net/minecraft/entity/Entity for taterzens.common.mixins.json:accessors.AEntity from mod taterzens->@Accessor[FIELD_GETTER]::getFLAGS()Lnet/minecraft/entity/data/TrackedData; [INJECT Applicator Phase -> taterzens.common.mixins.json:accessors.AEntity from mod taterzens -> Apply Accessors ->  -> Locate -> taterzens.common.mixins.json:accessors.AEntity from mod taterzens->@Accessor[FIELD_GETTER]::getFLAGS()Lnet/minecraft/entity/data/TrackedData;]
	at org.spongepowered.asm.mixin.gen.AccessorInfo.findTarget(AccessorInfo.java:519) ~[sponge-mixin-0.12.4+mixin.0.8.5.jar:0.12.4+mixin.0.8.5]
	at org.spongepowered.asm.mixin.gen.AccessorInfo.findTargetField(AccessorInfo.java:502) ~[sponge-mixin-0.12.4+mixin.0.8.5.jar:0.12.4+mixin.0.8.5]
	at org.spongepowered.asm.mixin.gen.AccessorInfo.locate(AccessorInfo.java:476) ~[sponge-mixin-0.12.4+mixin.0.8.5.jar:0.12.4+mixin.0.8.5]
	at org.spongepowered.asm.mixin.transformer.MixinTargetContext.generateAccessors(MixinTargetContext.java:1412) ~[sponge-mixin-0.12.4+mixin.0.8.5.jar:0.12.4+mixin.0.8.5]
	at org.spongepowered.asm.mixin.transformer.MixinApplicatorStandard.applyAccessors(MixinApplicatorStandard.java:1071) ~[sponge-mixin-0.12.4+mixin.0.8.5.jar:0.12.4+mixin.0.8.5]
	at org.spongepowered.asm.mixin.transformer.MixinApplicatorStandard.applyMixin(MixinApplicatorStandard.java:400) ~[sponge-mixin-0.12.4+mixin.0.8.5.jar:0.12.4+mixin.0.8.5]
	at org.spongepowered.asm.mixin.transformer.MixinApplicatorStandard.apply(MixinApplicatorStandard.java:327) ~[sponge-mixin-0.12.4+mixin.0.8.5.jar:0.12.4+mixin.0.8.5]
	at org.spongepowered.asm.mixin.transformer.TargetClassContext.apply(TargetClassContext.java:421) ~[sponge-mixin-0.12.4+mixin.0.8.5.jar:0.12.4+mixin.0.8.5]
	at org.spongepowered.asm.mixin.transformer.TargetClassContext.applyMixins(TargetClassContext.java:403) ~[sponge-mixin-0.12.4+mixin.0.8.5.jar:0.12.4+mixin.0.8.5]
	at org.spongepowered.asm.mixin.transformer.MixinProcessor.applyMixins(MixinProcessor.java:363) ~[sponge-mixin-0.12.4+mixin.0.8.5.jar:0.12.4+mixin.0.8.5]
	at org.spongepowered.asm.mixin.transformer.MixinTransformer.transformClass(MixinTransformer.java:234) ~[sponge-mixin-0.12.4+mixin.0.8.5.jar:0.12.4+mixin.0.8.5]
	at org.spongepowered.asm.mixin.transformer.MixinTransformer.transformClassBytes(MixinTransformer.java:202) ~[sponge-mixin-0.12.4+mixin.0.8.5.jar:0.12.4+mixin.0.8.5]
	at net.fabricmc.loader.impl.launch.knot.KnotClassDelegate.getPostMixinClassByteArray(KnotClassDelegate.java:422) ~[fabric-loader-0.14.19.jar:?]
	... 10 more
